<?xml version="1.0" encoding="UTF-8"?>
<!-- Generated by org.testng.reporters.JUnitXMLReporter -->
<testsuite ignored="0" hostname="DESKTOP-F33EGAS" failures="0" tests="3" name="Default test" time="0.14" errors="0" timestamp="2021-12-23T08:03:49 IST">
  <testcase classname="seleniumQ.dependsonMethods$prioprity" name="create" time="0.018"/>
  <testcase classname="seleniumQ.dependsonMethods$prioprity" name="modifycreate" time="0.003"/>
  <testcase classname="seleniumQ.dependsonMethods$prioprity" name="deletecreate" time="0.005"/>
</testsuite> <!-- Default test -->
