<?xml version="1.0" encoding="UTF-8"?>
<!-- Generated by org.testng.reporters.JUnitXMLReporter -->
<testsuite ignored="1" hostname="DESKTOP-F33EGAS" failures="0" tests="2" name="prioprity" time="0.102" errors="0" timestamp="2021-12-23T08:34:11 IST">
  <testcase classname="seleniumQ.prioprity" name="deletecreate" time="0.014"/>
  <testcase classname="seleniumQ.prioprity" name="modifycreate" time="0.007"/>
  <testcase classname="seleniumQ.prioprity" name="create" time="0.0">
    <ignored/>
  </testcase> <!-- create -->
</testsuite> <!-- prioprity -->
