<?xml version="1.0" encoding="UTF-8"?>
<!-- Generated by org.testng.reporters.JUnitXMLReporter -->
<testsuite ignored="2" hostname="DESKTOP-F33EGAS" failures="0" tests="0" time="0.018" errors="0" timestamp="2021-12-23T08:17:21 IST">
  <testcase classname="com.crm.VtigerTest.pomCreateOrg.CreateOrgWithIndustryTypeTest" name="createOrgWithIndustries" time="0.0">
    <ignored/>
  </testcase> <!-- createOrgWithIndustries -->
  <testcase classname="com.crm.VtigerTest.pomCreateOrg.CreateOrgWithContactTest" name="CreateOrgWithContact" time="0.0">
    <ignored/>
  </testcase> <!-- CreateOrgWithContact -->
</testsuite>
